<?xml version="1.0" encoding="UTF-8"?>
<!-- Generated by org.testng.reporters.JUnitReportReporter -->
<testsuite hostname="WKWEJ192689005" failures="0" tests="2" name="pomExercise.ErrorValidation" time="35.056" errors="0" timestamp="2024-05-31T14:00:43 CST" skipped="0">
  <testcase classname="pomExercise.ErrorValidation" name="ProductErrorValidation" time="24.489"/>
  <system-out/>
  <testcase classname="pomExercise.ErrorValidation" name="loginErrorValidation" time="10.567"/>
  <system-out/>
</testsuite> <!-- pomExercise.ErrorValidation -->
