<?xml version="1.0" encoding="UTF-8"?>
<!-- Generated by org.testng.reporters.JUnitReportReporter -->
<testsuite hostname="WKWEJ192689005" failures="0" tests="2" name="pomExercise.SubmitOrderTest" time="44.410" errors="0" timestamp="2024-06-03T15:19:46 CST" skipped="0">
  <testcase classname="pomExercise.SubmitOrderTest" name="orderHistoryTest" time="18.109"/>
  <system-out/>
  <testcase classname="pomExercise.SubmitOrderTest" name="submitOrder" time="26.301"/>
  <system-out/>
</testsuite> <!-- pomExercise.SubmitOrderTest -->
